c:\users\letrantr\documents\visual studio 2015\projects\handgesture\handgesture\x64\debug\vc140.pdb
c:\users\letrantr\documents\visual studio 2015\projects\handgesture\handgesture\x64\debug\.netframework,version=v4.5.assemblyattributes.obj
c:\users\letrantr\documents\visual studio 2015\projects\handgesture\handgesture\x64\debug\.netframework,version=v4.5.assemblyattributes.asm
c:\users\letrantr\documents\visual studio 2015\projects\handgesture\handgesture\x64\debug\mainform.obj
c:\users\letrantr\onedrive\documents\wok\opencv\handgesture\handgesture\x64\debug\vc140.pdb
c:\users\letrantr\onedrive\documents\wok\opencv\handgesture\handgesture\x64\debug\jackylib.obj
c:\users\letrantr\onedrive\documents\wok\opencv\handgesture\handgesture\x64\debug\mainform.obj
c:\users\letrantr\documents\visual studio 2015\projects\handgesture\handgesture\x64\debug\handgesture.mainform.resources
c:\users\letrantr\onedrive\documents\wok\opencv\handgesture\handgesture\x64\debug\handgesture.mainform.resources
c:\users\letrantr\documents\visual studio 2015\projects\handgesture\x64\debug\handgesture.exe
c:\users\letrantr\documents\visual studio 2015\projects\handgesture\x64\debug\handgesture.pdb
c:\users\letrantr\onedrive\documents\wok\opencv\handgesture\handgesture\x64\debug\handgesture.vcxproj.generateresource.cache
c:\users\letrantr\onedrive\documents\wok\opencv\handgesture\handgesture\x64\debug\handgesture.vcxprojresolveassemblyreference.cache
c:\users\letrantr\onedrive\documents\wok\opencv\handgesture\handgesture\x64\debug\.netframework,version=v4.5.assemblyattributes.obj
c:\users\letrantr\onedrive\documents\wok\opencv\handgesture\handgesture\x64\debug\haarcascade_frontalface_alt.xml
c:\users\letrantr\onedrive\documents\wok\opencv\handgesture\x64\debug\handgesture.pdb
c:\users\letrantr\onedrive\documents\wok\opencv\handgesture\handgesture\x64\debug\handgesture.tlog\cl.command.1.tlog
c:\users\letrantr\onedrive\documents\wok\opencv\handgesture\handgesture\x64\debug\handgesture.tlog\cl.read.1.tlog
c:\users\letrantr\onedrive\documents\wok\opencv\handgesture\handgesture\x64\debug\handgesture.tlog\cl.write.1.tlog
c:\users\letrantr\onedrive\documents\wok\opencv\handgesture\handgesture\x64\debug\handgesture.tlog\handgesture.write.1u.tlog
c:\users\letrantr\onedrive\documents\wok\opencv\handgesture\handgesture\x64\debug\handgesture.tlog\link.20056.17784-cvtres.read.1.tlog
c:\users\letrantr\onedrive\documents\wok\opencv\handgesture\handgesture\x64\debug\handgesture.tlog\link.20056.17784-cvtres.write.1.tlog
c:\users\letrantr\onedrive\documents\wok\opencv\handgesture\handgesture\x64\debug\handgesture.tlog\link.20056.17784-rc.read.1.tlog
c:\users\letrantr\onedrive\documents\wok\opencv\handgesture\handgesture\x64\debug\handgesture.tlog\link.20056.17784-rc.write.1.tlog
c:\users\letrantr\onedrive\documents\wok\opencv\handgesture\handgesture\x64\debug\handgesture.tlog\link.20056.17784.read.1.tlog
c:\users\letrantr\onedrive\documents\wok\opencv\handgesture\handgesture\x64\debug\handgesture.tlog\link.20056.17784.write.1.tlog
c:\users\letrantr\onedrive\documents\wok\opencv\handgesture\handgesture\x64\debug\handgesture.tlog\link.20056.read.1.tlog
c:\users\letrantr\onedrive\documents\wok\opencv\handgesture\handgesture\x64\debug\handgesture.tlog\link.20056.write.1.tlog
c:\users\letrantr\onedrive\documents\wok\opencv\handgesture\handgesture\x64\debug\handgesture.tlog\link.command.1.tlog
c:\users\letrantr\onedrive\documents\wok\opencv\handgesture\handgesture\x64\debug\handgesture.tlog\link.read.1.tlog
c:\users\letrantr\onedrive\documents\wok\opencv\handgesture\handgesture\x64\debug\handgesture.tlog\link.write.1.tlog
c:\users\letrantr\onedrive\documents\wok\opencv\handgesture\handgesture\x64\debug\handgesture.tlog\metagen.read.1.tlog
c:\users\letrantr\onedrive\documents\wok\opencv\handgesture\handgesture\x64\debug\handgesture.tlog\metagen.write.1.tlog
c:\users\letrantr\onedrive\documents\wok\opencv\handgesture\handgesture\x64\debug\handgesture.tlog\tzres.dll.bi
